2022-04-18 17:05:23,025 WARNING Log in API
2022-04-18 17:05:23,025 WARNING Log in API
2022-04-18 17:05:23,026 WARNING OrderedDict([('email', 'employee6@gmail.com'), ('password', '123456')])
2022-04-18 17:05:23,026 WARNING OrderedDict([('email', 'employee6@gmail.com'), ('password', '123456')])
2022-04-18 19:00:28,339 WARNING Log in API
2022-04-18 19:00:28,339 WARNING Log in API
2022-04-18 19:00:28,339 WARNING OrderedDict([('email', 'employee6@gmail.com'), ('password', '123456')])
2022-04-18 19:00:28,339 WARNING OrderedDict([('email', 'employee6@gmail.com'), ('password', '123456')])
2022-04-18 19:02:13,344 WARNING Log in API
2022-04-18 19:02:13,344 WARNING Log in API
2022-04-18 19:02:13,344 WARNING OrderedDict([('email', 'restaurent@gmail.com'), ('password', '123456')])
2022-04-18 19:02:13,344 WARNING OrderedDict([('email', 'restaurent@gmail.com'), ('password', '123456')])
2022-04-18 19:03:17,813 WARNING Log in API
2022-04-18 19:03:17,813 WARNING Log in API
2022-04-18 19:03:17,813 WARNING OrderedDict([('email', 'ranjanpaul66@gmail.com'), ('password', '123456')])
2022-04-18 19:03:17,813 WARNING OrderedDict([('email', 'ranjanpaul66@gmail.com'), ('password', '123456')])
2022-04-18 19:09:02,618 WARNING Log in API
2022-04-18 19:09:02,618 WARNING Log in API
2022-04-18 19:09:02,619 WARNING OrderedDict([('email', 'restaurent@gmail.com'), ('password', '123456')])
2022-04-18 19:09:02,619 WARNING OrderedDict([('email', 'restaurent@gmail.com'), ('password', '123456')])
2022-04-18 19:09:38,824 WARNING Log in API
2022-04-18 19:09:38,824 WARNING Log in API
2022-04-18 19:09:38,824 WARNING OrderedDict([('email', 'restaurent@gmail.com'), ('password', '123456')])
2022-04-18 19:09:38,824 WARNING OrderedDict([('email', 'restaurent@gmail.com'), ('password', '123456')])
2022-04-18 19:10:24,830 WARNING Log in API
2022-04-18 19:10:24,830 WARNING Log in API
2022-04-18 19:10:24,830 WARNING OrderedDict([('email', 'restaurent1@gmail.com'), ('password', '123456')])
2022-04-18 19:10:24,830 WARNING OrderedDict([('email', 'restaurent1@gmail.com'), ('password', '123456')])
2022-04-18 19:12:22,631 WARNING Log in API
2022-04-18 19:12:22,631 WARNING Log in API
2022-04-18 19:12:22,631 WARNING OrderedDict([('email', 'restaurent2@gmail.com'), ('password', '123456')])
2022-04-18 19:12:22,631 WARNING OrderedDict([('email', 'restaurent2@gmail.com'), ('password', '123456')])
2022-04-18 19:12:40,518 WARNING Log in API
2022-04-18 19:12:40,518 WARNING Log in API
2022-04-18 19:12:40,518 WARNING OrderedDict([('email', 'restaurent3@gmail.com'), ('password', '123456')])
2022-04-18 19:12:40,518 WARNING OrderedDict([('email', 'restaurent3@gmail.com'), ('password', '123456')])
2022-04-18 19:14:03,206 WARNING Log in API
2022-04-18 19:14:03,206 WARNING Log in API
2022-04-18 19:14:03,207 WARNING OrderedDict([('email', 'restaurent3@gmail.com'), ('password', '123456')])
2022-04-18 19:14:03,207 WARNING OrderedDict([('email', 'restaurent3@gmail.com'), ('password', '123456')])
2022-04-18 19:15:25,452 WARNING User API
2022-04-18 19:15:25,452 WARNING User API
2022-04-18 19:15:25,452 WARNING {'full_name': 'restaurent 2', 'mobile': '01700000013', 'password': '123456', 'email': 'restaurent2@gmail.com', 'department': 'restaurent', 'user_role': 2}
2022-04-18 19:15:25,452 WARNING {'full_name': 'restaurent 2', 'mobile': '01700000013', 'password': '123456', 'email': 'restaurent2@gmail.com', 'department': 'restaurent', 'user_role': 2}
2022-04-18 19:15:25,656 WARNING Log in API
2022-04-18 19:15:25,656 WARNING Log in API
2022-04-18 19:15:25,656 WARNING {'full_name': 'restaurent 2', 'mobile': '01700000013', 'password': '123456', 'email': 'restaurent2@gmail.com', 'department': 'restaurent', 'user_role': 2}
2022-04-18 19:15:25,656 WARNING {'full_name': 'restaurent 2', 'mobile': '01700000013', 'password': '123456', 'email': 'restaurent2@gmail.com', 'department': 'restaurent', 'user_role': 2}
2022-04-18 19:15:58,996 WARNING Log in API
2022-04-18 19:15:58,996 WARNING Log in API
2022-04-18 19:15:58,997 WARNING OrderedDict([('email', 'restaurent2@gmail.com'), ('password', '123456')])
2022-04-18 19:15:58,997 WARNING OrderedDict([('email', 'restaurent2@gmail.com'), ('password', '123456')])
2022-04-18 19:35:32,642 WARNING Log in API
2022-04-18 19:35:32,642 WARNING Log in API
2022-04-18 19:35:32,642 WARNING OrderedDict([('email', 'employee8@gmail.com'), ('password', '123456')])
2022-04-18 19:35:32,642 WARNING OrderedDict([('email', 'employee8@gmail.com'), ('password', '123456')])
2022-04-18 19:36:45,660 WARNING Log in API
2022-04-18 19:36:45,660 WARNING Log in API
2022-04-18 19:36:45,660 WARNING OrderedDict([('email', 'employee5@gmail.com'), ('password', '123456')])
2022-04-18 19:36:45,660 WARNING OrderedDict([('email', 'employee5@gmail.com'), ('password', '123456')])
2022-04-18 19:41:13,882 WARNING Log in API
2022-04-18 19:41:13,882 WARNING Log in API
2022-04-18 19:41:13,882 WARNING OrderedDict([('email', 'employee4@gmail.com'), ('password', '123456')])
2022-04-18 19:41:13,882 WARNING OrderedDict([('email', 'employee4@gmail.com'), ('password', '123456')])
